<?xml version="1.0" encoding="UTF-8"?>
<testng-results skipped="0" failed="0" ignored="0" total="1" passed="1">
  <reporter-output>
  </reporter-output>
  <suite name="Suite" duration-ms="51" started-at="2020-02-19T15:32:41Z" finished-at="2020-02-19T15:32:41Z">
    <groups>
    </groups>
    <test name="Test" duration-ms="51" started-at="2020-02-19T15:32:41Z" finished-at="2020-02-19T15:32:41Z">
      <class name="autoit.LoggerDemo">
        <test-method status="PASS" signature="LoggerDemo()[pri:0, instance:autoit.LoggerDemo@df27fae]" name="LoggerDemo" duration-ms="18" started-at="2020-02-19T15:32:41Z" finished-at="2020-02-19T15:32:41Z">
          <reporter-output>
          </reporter-output>
        </test-method> <!-- LoggerDemo -->
      </class> <!-- autoit.LoggerDemo -->
    </test> <!-- Test -->
  </suite> <!-- Suite -->
</testng-results>
